Using pre-set license
Built from '2020.3/staging' branch; Version is '2020.3.17f1 (a4537701e4ab) revision 10769271'; Using compiler version '192528614'; Build Type 'Release'
OS: 'Windows 10 Home; OS build 19041.1348; Version 2004; 64bit' Language: 'en' Physical Memory: 7599 MB
BatchMode: 1, IsHumanControllingUs: 0, StartBugReporterOnCrash: 0, Is64bit: 1, IsPro: 0

COMMAND LINE ARGUMENTS:
C:\Program Files\Unity Projects\2020.3.17f1\Editor\Unity.exe
-adb2
-batchMode
-noUpm
-name
AssetImportWorker0
-projectPath
C:/Users/David/Desktop/UnityProjects/ScarletGameJam2021
-logFile
Logs/AssetImportWorker0.log
-srvPort
62958
Successfully changed project path to: C:/Users/David/Desktop/UnityProjects/ScarletGameJam2021
C:/Users/David/Desktop/UnityProjects/ScarletGameJam2021
Using Asset Import Pipeline V2.
Refreshing native plugins compatible for Editor in 63.90 ms, found 2 plugins.
Preloading 0 native plugins for Editor in 0.00 ms.
Initialize engine version: 2020.3.17f1 (a4537701e4ab)
[Subsystems] Discovering subsystems at path C:/Program Files/Unity Projects/2020.3.17f1/Editor/Data/Resources/UnitySubsystems
[Subsystems] Discovering subsystems at path C:/Users/David/Desktop/UnityProjects/ScarletGameJam2021/Assets
GfxDevice: creating device client; threaded=0
Direct3D:
    Version:  Direct3D 11.0 [level 11.1]
    Renderer: NVIDIA GeForce GTX 1650 (ID=0x1f99)
    Vendor:   
    VRAM:     3962 MB
    Driver:   27.21.14.5763
Initialize mono
Mono path[0] = 'C:/Program Files/Unity Projects/2020.3.17f1/Editor/Data/Managed'
Mono path[1] = 'C:/Program Files/Unity Projects/2020.3.17f1/Editor/Data/MonoBleedingEdge/lib/mono/unityjit'
Mono config path = 'C:/Program Files/Unity Projects/2020.3.17f1/Editor/Data/MonoBleedingEdge/etc'
Using monoOptions --debugger-agent=transport=dt_socket,embedding=1,server=y,suspend=n,address=127.0.0.1:56572
Begin MonoManager ReloadAssembly
Registering precompiled unity dll's ...
Register platform support module: C:/Program Files/Unity Projects/2020.3.17f1/Editor/Data/PlaybackEngines/WindowsStandaloneSupport/UnityEditor.WindowsStandalone.Extensions.dll
Registered in 0.004504 seconds.
Native extension for WindowsStandalone target not found
Refreshing native plugins compatible for Editor in 77.26 ms, found 2 plugins.
Preloading 0 native plugins for Editor in 0.00 ms.
Mono: successfully reloaded assembly
- Completed reload, in  2.240 seconds
Domain Reload Profiling:
	ReloadAssembly (2240ms)
		BeginReloadAssembly (92ms)
			ExecutionOrderSort (0ms)
			DisableScriptedObjects (0ms)
			BackupInstance (0ms)
			ReleaseScriptingObjects (0ms)
			CreateAndSetChildDomain (1ms)
		EndReloadAssembly (936ms)
			LoadAssemblies (88ms)
			RebuildTransferFunctionScriptingTraits (0ms)
			SetupTypeCache (350ms)
			ReleaseScriptCaches (0ms)
			RebuildScriptCaches (69ms)
			SetupLoadedEditorAssemblies (375ms)
				LogAssemblyErrors (0ms)
				InitializePlatformSupportModulesInManaged (10ms)
				SetLoadedEditorAssemblies (1ms)
				RefreshPlugins (77ms)
				BeforeProcessingInitializeOnLoad (22ms)
				ProcessInitializeOnLoadAttributes (203ms)
				ProcessInitializeOnLoadMethodAttributes (62ms)
				AfterProcessingInitializeOnLoad (0ms)
				EditorAssembliesLoaded (0ms)
			ExecutionOrderSort2 (0ms)
			AwakeInstancesAfterBackupRestoration (0ms)
Platform modules already initialized, skipping
Registering precompiled user dll's ...
Registered in 0.009296 seconds.
Begin MonoManager ReloadAssembly
Native extension for WindowsStandalone target not found
Refreshing native plugins compatible for Editor in 0.43 ms, found 2 plugins.
Preloading 0 native plugins for Editor in 0.00 ms.
Mono: successfully reloaded assembly
- Completed reload, in  2.126 seconds
Domain Reload Profiling:
	ReloadAssembly (2128ms)
		BeginReloadAssembly (298ms)
			ExecutionOrderSort (0ms)
			DisableScriptedObjects (11ms)
			BackupInstance (0ms)
			ReleaseScriptingObjects (0ms)
			CreateAndSetChildDomain (24ms)
		EndReloadAssembly (1728ms)
			LoadAssemblies (134ms)
			RebuildTransferFunctionScriptingTraits (0ms)
			SetupTypeCache (491ms)
			ReleaseScriptCaches (0ms)
			RebuildScriptCaches (77ms)
			SetupLoadedEditorAssemblies (839ms)
				LogAssemblyErrors (0ms)
				InitializePlatformSupportModulesInManaged (7ms)
				SetLoadedEditorAssemblies (1ms)
				RefreshPlugins (1ms)
				BeforeProcessingInitializeOnLoad (99ms)
				ProcessInitializeOnLoadAttributes (706ms)
				ProcessInitializeOnLoadMethodAttributes (10ms)
				AfterProcessingInitializeOnLoad (15ms)
				EditorAssembliesLoaded (1ms)
			ExecutionOrderSort2 (0ms)
			AwakeInstancesAfterBackupRestoration (15ms)
Platform modules already initialized, skipping
========================================================================
Worker process is ready to serve import requests
Launched and connected shader compiler UnityShaderCompiler.exe after 0.15 seconds
Refreshing native plugins compatible for Editor in 0.68 ms, found 2 plugins.
Preloading 0 native plugins for Editor in 0.00 ms.
Unloading 1445 Unused Serialized files (Serialized files now loaded: 0)
System memory in use before: 66.7 MB.
System memory in use after: 66.8 MB.

Unloading 18 unused Assets to reduce memory usage. Loaded Objects now: 1881.
Total: 6.498600 ms (FindLiveObjects: 0.261100 ms CreateObjectMapping: 0.079900 ms MarkObjects: 6.010600 ms  DeleteObjects: 0.144100 ms)

AssetImportParameters requested are different than current active one (requested -> active):
  custom:framework-win-MediaFoundation: 216162199b28c13a410421893ffa2e32 -> 
  custom:video-decoder-ogg-theora: a1e56fd34408186e4bbccfd4996cb3dc -> 
  custom:container-muxer-webm: aa71ff27fc2769a1b78a27578f13a17b -> 
  custom:container-demuxer-webm: 4f35f7cbe854078d1ac9338744f61a02 -> 
  custom:container-demuxer-ogg: 62fdf1f143b41e24485cea50d1cbac27 -> 
  custom:video-encoder-webm-vp8: eb34c28f22e8b96e1ab97ce403110664 -> 
  custom:video-codec-MediaFoundation-h265: 746d11721c4dcdbdad8f713fa42b33f4 -> 
  custom:video-decoder-webm-vp8: 9c59270c3fd7afecdb556c50c9e8de78 -> 
  custom:audio-decoder-ogg-vorbis: bf7c407c2cedff20999df2af8eb42d56 -> 
  custom:audio-encoder-webm-vorbis: bf7c407c2cedff20999df2af8eb42d56 -> 
========================================================================
Received Import Request.
  path: Assets/Scenes/Main Camera.controller
  artifactKey: Guid(23226bba33ac2d14e971036aff063f30) Importer(815301076,1909f56bfc062723c751e8b465ee728b)
Start importing Assets/Scenes/Main Camera.controller using Guid(23226bba33ac2d14e971036aff063f30) Importer(815301076,1909f56bfc062723c751e8b465ee728b)  -> (artifact id: '98a54e916ba7ae68572a621c46e8ff8f') in 0.147124 seconds 
  Import took 0.152450 seconds .

========================================================================
Received Import Request.
  Time since last request: 3.437711 seconds.
  path: Assets/Scenes/New Animation.anim
  artifactKey: Guid(c9489929390e1f049a56d4fed8532922) Importer(815301076,1909f56bfc062723c751e8b465ee728b)
Start importing Assets/Scenes/New Animation.anim using Guid(c9489929390e1f049a56d4fed8532922) Importer(815301076,1909f56bfc062723c751e8b465ee728b)  -> (artifact id: '10297c6464ff0c7b0cf24c93abfd601b') in 0.017218 seconds 
  Import took 0.022063 seconds .

========================================================================
Received Import Request.
  Time since last request: 181.756010 seconds.
  path: Assets/Art/Cube.controller
  artifactKey: Guid(533168f9f4552f6409cdfc515ba609ae) Importer(815301076,1909f56bfc062723c751e8b465ee728b)
Start importing Assets/Art/Cube.controller using Guid(533168f9f4552f6409cdfc515ba609ae) Importer(815301076,1909f56bfc062723c751e8b465ee728b)  -> (artifact id: '7a733e521e6b89fb10983c95346d26ee') in 0.026741 seconds 
  Import took 0.034200 seconds .

========================================================================
Received Import Request.
  Time since last request: 3.202919 seconds.
  path: Assets/Art/PlayerMovement.anim
  artifactKey: Guid(60066bff8db7a514497c4b1851f872d5) Importer(815301076,1909f56bfc062723c751e8b465ee728b)
Start importing Assets/Art/PlayerMovement.anim using Guid(60066bff8db7a514497c4b1851f872d5) Importer(815301076,1909f56bfc062723c751e8b465ee728b)  -> (artifact id: '6cfe11a3699d92d19eb660bb6e8b599f') in 0.023164 seconds 
  Import took 0.031734 seconds .

========================================================================
Received Import Request.
  Time since last request: 236.404121 seconds.
  path: Assets/Art/playerOneWalkRight.anim
  artifactKey: Guid(aaa58189bd5b0964184e24b09b678590) Importer(815301076,1909f56bfc062723c751e8b465ee728b)
Start importing Assets/Art/playerOneWalkRight.anim using Guid(aaa58189bd5b0964184e24b09b678590) Importer(815301076,1909f56bfc062723c751e8b465ee728b)  -> (artifact id: 'b71ba512e2b7dc9086af08f9250c96a1') in 0.010499 seconds 
  Import took 0.014541 seconds .

========================================================================
Received Prepare
Registering precompiled user dll's ...
Registered in 0.007076 seconds.
Begin MonoManager ReloadAssembly
Native extension for WindowsStandalone target not found
Refreshing native plugins compatible for Editor in 0.60 ms, found 2 plugins.
Preloading 0 native plugins for Editor in 0.00 ms.
Mono: successfully reloaded assembly
- Completed reload, in  1.874 seconds
Domain Reload Profiling:
	ReloadAssembly (1874ms)
		BeginReloadAssembly (252ms)
			ExecutionOrderSort (0ms)
			DisableScriptedObjects (12ms)
			BackupInstance (0ms)
			ReleaseScriptingObjects (0ms)
			CreateAndSetChildDomain (67ms)
		EndReloadAssembly (1440ms)
			LoadAssemblies (183ms)
			RebuildTransferFunctionScriptingTraits (0ms)
			SetupTypeCache (480ms)
			ReleaseScriptCaches (1ms)
			RebuildScriptCaches (57ms)
			SetupLoadedEditorAssemblies (610ms)
				LogAssemblyErrors (0ms)
				InitializePlatformSupportModulesInManaged (7ms)
				SetLoadedEditorAssemblies (1ms)
				RefreshPlugins (1ms)
				BeforeProcessingInitializeOnLoad (78ms)
				ProcessInitializeOnLoadAttributes (500ms)
				ProcessInitializeOnLoadMethodAttributes (9ms)
				AfterProcessingInitializeOnLoad (14ms)
				EditorAssembliesLoaded (0ms)
			ExecutionOrderSort2 (0ms)
			AwakeInstancesAfterBackupRestoration (10ms)
Platform modules already initialized, skipping
Refreshing native plugins compatible for Editor in 0.69 ms, found 2 plugins.
Preloading 0 native plugins for Editor in 0.00 ms.
Unloading 1439 Unused Serialized files (Serialized files now loaded: 0)
System memory in use before: 66.6 MB.
System memory in use after: 66.7 MB.

Unloading 13 unused Assets to reduce memory usage. Loaded Objects now: 1883.
Total: 6.757100 ms (FindLiveObjects: 0.328700 ms CreateObjectMapping: 0.082300 ms MarkObjects: 6.297000 ms  DeleteObjects: 0.045600 ms)

AssetImportParameters requested are different than current active one (requested -> active):
  custom:framework-win-MediaFoundation: 216162199b28c13a410421893ffa2e32 -> 
  custom:video-decoder-ogg-theora: a1e56fd34408186e4bbccfd4996cb3dc -> 
  custom:container-muxer-webm: aa71ff27fc2769a1b78a27578f13a17b -> 
  custom:container-demuxer-webm: 4f35f7cbe854078d1ac9338744f61a02 -> 
  custom:container-demuxer-ogg: 62fdf1f143b41e24485cea50d1cbac27 -> 
  custom:video-encoder-webm-vp8: eb34c28f22e8b96e1ab97ce403110664 -> 
  custom:video-codec-MediaFoundation-h265: 746d11721c4dcdbdad8f713fa42b33f4 -> 
  custom:video-decoder-webm-vp8: 9c59270c3fd7afecdb556c50c9e8de78 -> 
  custom:audio-decoder-ogg-vorbis: bf7c407c2cedff20999df2af8eb42d56 -> 
  custom:audio-encoder-webm-vorbis: bf7c407c2cedff20999df2af8eb42d56 -> 
========================================================================
Received Prepare
Registering precompiled user dll's ...
Registered in 0.006088 seconds.
Begin MonoManager ReloadAssembly
Native extension for WindowsStandalone target not found
Refreshing native plugins compatible for Editor in 0.43 ms, found 2 plugins.
Preloading 0 native plugins for Editor in 0.00 ms.
Mono: successfully reloaded assembly
- Completed reload, in  2.385 seconds
Domain Reload Profiling:
	ReloadAssembly (2386ms)
		BeginReloadAssembly (253ms)
			ExecutionOrderSort (0ms)
			DisableScriptedObjects (10ms)
			BackupInstance (0ms)
			ReleaseScriptingObjects (0ms)
			CreateAndSetChildDomain (68ms)
		EndReloadAssembly (1984ms)
			LoadAssemblies (191ms)
			RebuildTransferFunctionScriptingTraits (0ms)
			SetupTypeCache (662ms)
			ReleaseScriptCaches (1ms)
			RebuildScriptCaches (78ms)
			SetupLoadedEditorAssemblies (889ms)
				LogAssemblyErrors (0ms)
				InitializePlatformSupportModulesInManaged (7ms)
				SetLoadedEditorAssemblies (1ms)
				RefreshPlugins (1ms)
				BeforeProcessingInitializeOnLoad (87ms)
				ProcessInitializeOnLoadAttributes (766ms)
				ProcessInitializeOnLoadMethodAttributes (9ms)
				AfterProcessingInitializeOnLoad (18ms)
				EditorAssembliesLoaded (1ms)
			ExecutionOrderSort2 (0ms)
			AwakeInstancesAfterBackupRestoration (17ms)
Platform modules already initialized, skipping
Refreshing native plugins compatible for Editor in 0.69 ms, found 2 plugins.
Preloading 0 native plugins for Editor in 0.00 ms.
Unloading 1439 Unused Serialized files (Serialized files now loaded: 0)
System memory in use before: 66.6 MB.
System memory in use after: 66.7 MB.

Unloading 13 unused Assets to reduce memory usage. Loaded Objects now: 1885.
Total: 6.185200 ms (FindLiveObjects: 0.240600 ms CreateObjectMapping: 0.076300 ms MarkObjects: 5.829600 ms  DeleteObjects: 0.036100 ms)

AssetImportParameters requested are different than current active one (requested -> active):
  custom:framework-win-MediaFoundation: 216162199b28c13a410421893ffa2e32 -> 
  custom:video-decoder-ogg-theora: a1e56fd34408186e4bbccfd4996cb3dc -> 
  custom:container-muxer-webm: aa71ff27fc2769a1b78a27578f13a17b -> 
  custom:container-demuxer-webm: 4f35f7cbe854078d1ac9338744f61a02 -> 
  custom:container-demuxer-ogg: 62fdf1f143b41e24485cea50d1cbac27 -> 
  custom:video-encoder-webm-vp8: eb34c28f22e8b96e1ab97ce403110664 -> 
  custom:video-codec-MediaFoundation-h265: 746d11721c4dcdbdad8f713fa42b33f4 -> 
  custom:video-decoder-webm-vp8: 9c59270c3fd7afecdb556c50c9e8de78 -> 
  custom:audio-decoder-ogg-vorbis: bf7c407c2cedff20999df2af8eb42d56 -> 
  custom:audio-encoder-webm-vorbis: bf7c407c2cedff20999df2af8eb42d56 -> 
========================================================================
Received Import Request.
  Time since last request: 184.352843 seconds.
  path: Assets/Art/player1walkleft.png
  artifactKey: Guid(4a1e1177c22974d43893d682acc8f5d9) Importer(815301076,1909f56bfc062723c751e8b465ee728b)
Start importing Assets/Art/player1walkleft.png using Guid(4a1e1177c22974d43893d682acc8f5d9) Importer(815301076,1909f56bfc062723c751e8b465ee728b)  -> (artifact id: '0b8ffefcaafef77ca70bc70353055843') in 0.152748 seconds 
  Import took 0.157715 seconds .

========================================================================
Received Import Request.
  Time since last request: 29.385517 seconds.
  path: Assets/Art/player1walkleft.png
  artifactKey: Guid(4a1e1177c22974d43893d682acc8f5d9) Importer(815301076,1909f56bfc062723c751e8b465ee728b)
Start importing Assets/Art/player1walkleft.png using Guid(4a1e1177c22974d43893d682acc8f5d9) Importer(815301076,1909f56bfc062723c751e8b465ee728b)  -> (artifact id: '18f987aeaa25480295a2e5bc9ee74736') in 0.109169 seconds 
  Import took 0.114817 seconds .

========================================================================
Received Import Request.
  Time since last request: 36.750357 seconds.
  path: Assets/Art/player1walkleft.png
  artifactKey: Guid(4a1e1177c22974d43893d682acc8f5d9) Importer(815301076,1909f56bfc062723c751e8b465ee728b)
Start importing Assets/Art/player1walkleft.png using Guid(4a1e1177c22974d43893d682acc8f5d9) Importer(815301076,1909f56bfc062723c751e8b465ee728b)  -> (artifact id: 'dcd6f81e8c9f11ca5eedb383b98406f7') in 0.030816 seconds 
  Import took 0.036388 seconds .

========================================================================
Received Import Request.
  Time since last request: 0.034044 seconds.
  path: Assets/Art/player1walkleft.png
  artifactKey: Guid(4a1e1177c22974d43893d682acc8f5d9) Importer(815301076,1909f56bfc062723c751e8b465ee728b)
Start importing Assets/Art/player1walkleft.png using Guid(4a1e1177c22974d43893d682acc8f5d9) Importer(815301076,1909f56bfc062723c751e8b465ee728b)  -> (artifact id: 'dcd6f81e8c9f11ca5eedb383b98406f7') in 0.016529 seconds 
  Import took 0.020706 seconds .

========================================================================
Received Import Request.
  Time since last request: 13.457093 seconds.
  path: Assets/Art/player1walkleft.png
  artifactKey: Guid(4a1e1177c22974d43893d682acc8f5d9) Importer(815301076,1909f56bfc062723c751e8b465ee728b)
Start importing Assets/Art/player1walkleft.png using Guid(4a1e1177c22974d43893d682acc8f5d9) Importer(815301076,1909f56bfc062723c751e8b465ee728b)  -> (artifact id: '182c3e8b85723eb580afd5dbc8257968') in 0.077151 seconds 
  Import took 0.082693 seconds .

========================================================================
Received Prepare
Registering precompiled user dll's ...
Registered in 0.005854 seconds.
Begin MonoManager ReloadAssembly
Native extension for WindowsStandalone target not found
Refreshing native plugins compatible for Editor in 0.61 ms, found 2 plugins.
Preloading 0 native plugins for Editor in 0.00 ms.
Mono: successfully reloaded assembly
- Completed reload, in  1.616 seconds
Domain Reload Profiling:
	ReloadAssembly (1616ms)
		BeginReloadAssembly (220ms)
			ExecutionOrderSort (0ms)
			DisableScriptedObjects (6ms)
			BackupInstance (0ms)
			ReleaseScriptingObjects (0ms)
			CreateAndSetChildDomain (87ms)
		EndReloadAssembly (1291ms)
			LoadAssemblies (142ms)
			RebuildTransferFunctionScriptingTraits (0ms)
			SetupTypeCache (414ms)
			ReleaseScriptCaches (1ms)
			RebuildScriptCaches (58ms)
			SetupLoadedEditorAssemblies (532ms)
				LogAssemblyErrors (0ms)
				InitializePlatformSupportModulesInManaged (9ms)
				SetLoadedEditorAssemblies (1ms)
				RefreshPlugins (1ms)
				BeforeProcessingInitializeOnLoad (78ms)
				ProcessInitializeOnLoadAttributes (427ms)
				ProcessInitializeOnLoadMethodAttributes (5ms)
				AfterProcessingInitializeOnLoad (10ms)
				EditorAssembliesLoaded (0ms)
			ExecutionOrderSort2 (0ms)
			AwakeInstancesAfterBackupRestoration (10ms)
Platform modules already initialized, skipping
Refreshing native plugins compatible for Editor in 0.71 ms, found 2 plugins.
Preloading 0 native plugins for Editor in 0.00 ms.
Unloading 1439 Unused Serialized files (Serialized files now loaded: 0)
System memory in use before: 69.7 MB.
System memory in use after: 69.8 MB.

Unloading 13 unused Assets to reduce memory usage. Loaded Objects now: 1904.
Total: 6.546400 ms (FindLiveObjects: 0.257000 ms CreateObjectMapping: 0.081500 ms MarkObjects: 6.167600 ms  DeleteObjects: 0.037600 ms)

AssetImportParameters requested are different than current active one (requested -> active):
  custom:framework-win-MediaFoundation: 216162199b28c13a410421893ffa2e32 -> 
  custom:video-decoder-ogg-theora: a1e56fd34408186e4bbccfd4996cb3dc -> 
  custom:container-muxer-webm: aa71ff27fc2769a1b78a27578f13a17b -> 
  custom:container-demuxer-webm: 4f35f7cbe854078d1ac9338744f61a02 -> 
  custom:container-demuxer-ogg: 62fdf1f143b41e24485cea50d1cbac27 -> 
  custom:video-encoder-webm-vp8: eb34c28f22e8b96e1ab97ce403110664 -> 
  custom:video-codec-MediaFoundation-h265: 746d11721c4dcdbdad8f713fa42b33f4 -> 
  custom:video-decoder-webm-vp8: 9c59270c3fd7afecdb556c50c9e8de78 -> 
  custom:audio-decoder-ogg-vorbis: bf7c407c2cedff20999df2af8eb42d56 -> 
  custom:audio-encoder-webm-vorbis: bf7c407c2cedff20999df2af8eb42d56 -> 
========================================================================
Received Prepare
Registering precompiled user dll's ...
Registered in 0.008355 seconds.
Begin MonoManager ReloadAssembly
Native extension for WindowsStandalone target not found
Refreshing native plugins compatible for Editor in 0.65 ms, found 2 plugins.
Preloading 0 native plugins for Editor in 0.00 ms.
Mono: successfully reloaded assembly
- Completed reload, in  2.028 seconds
Domain Reload Profiling:
	ReloadAssembly (2028ms)
		BeginReloadAssembly (189ms)
			ExecutionOrderSort (0ms)
			DisableScriptedObjects (6ms)
			BackupInstance (0ms)
			ReleaseScriptingObjects (0ms)
			CreateAndSetChildDomain (58ms)
		EndReloadAssembly (1661ms)
			LoadAssemblies (216ms)
			RebuildTransferFunctionScriptingTraits (0ms)
			SetupTypeCache (468ms)
			ReleaseScriptCaches (1ms)
			RebuildScriptCaches (70ms)
			SetupLoadedEditorAssemblies (720ms)
				LogAssemblyErrors (0ms)
				InitializePlatformSupportModulesInManaged (12ms)
				SetLoadedEditorAssemblies (1ms)
				RefreshPlugins (1ms)
				BeforeProcessingInitializeOnLoad (101ms)
				ProcessInitializeOnLoadAttributes (576ms)
				ProcessInitializeOnLoadMethodAttributes (10ms)
				AfterProcessingInitializeOnLoad (18ms)
				EditorAssembliesLoaded (1ms)
			ExecutionOrderSort2 (0ms)
			AwakeInstancesAfterBackupRestoration (15ms)
Platform modules already initialized, skipping
Refreshing native plugins compatible for Editor in 0.50 ms, found 2 plugins.
Preloading 0 native plugins for Editor in 0.00 ms.
Unloading 1439 Unused Serialized files (Serialized files now loaded: 0)
System memory in use before: 69.7 MB.
System memory in use after: 69.8 MB.

Unloading 13 unused Assets to reduce memory usage. Loaded Objects now: 1906.
Total: 5.891400 ms (FindLiveObjects: 0.251200 ms CreateObjectMapping: 0.077100 ms MarkObjects: 5.535500 ms  DeleteObjects: 0.025000 ms)

AssetImportParameters requested are different than current active one (requested -> active):
  custom:framework-win-MediaFoundation: 216162199b28c13a410421893ffa2e32 -> 
  custom:video-decoder-ogg-theora: a1e56fd34408186e4bbccfd4996cb3dc -> 
  custom:container-muxer-webm: aa71ff27fc2769a1b78a27578f13a17b -> 
  custom:container-demuxer-webm: 4f35f7cbe854078d1ac9338744f61a02 -> 
  custom:container-demuxer-ogg: 62fdf1f143b41e24485cea50d1cbac27 -> 
  custom:video-encoder-webm-vp8: eb34c28f22e8b96e1ab97ce403110664 -> 
  custom:video-codec-MediaFoundation-h265: 746d11721c4dcdbdad8f713fa42b33f4 -> 
  custom:video-decoder-webm-vp8: 9c59270c3fd7afecdb556c50c9e8de78 -> 
  custom:audio-decoder-ogg-vorbis: bf7c407c2cedff20999df2af8eb42d56 -> 
  custom:audio-encoder-webm-vorbis: bf7c407c2cedff20999df2af8eb42d56 -> 
========================================================================
Received Import Request.
  Time since last request: 284.651325 seconds.
  path: Assets/Art/player1idle.png
  artifactKey: Guid(3d0d8357fd0a1644a83ff91de4dd4ee6) Importer(815301076,1909f56bfc062723c751e8b465ee728b)
Start importing Assets/Art/player1idle.png using Guid(3d0d8357fd0a1644a83ff91de4dd4ee6) Importer(815301076,1909f56bfc062723c751e8b465ee728b)  -> (artifact id: '632720c0fd2569151481e2bc92fae5ec') in 0.091438 seconds 
  Import took 0.099105 seconds .

========================================================================
Received Import Request.
  Time since last request: 0.005791 seconds.
  path: Assets/Art/player1idle.png
  artifactKey: Guid(3d0d8357fd0a1644a83ff91de4dd4ee6) Importer(815301076,1909f56bfc062723c751e8b465ee728b)
Start importing Assets/Art/player1idle.png using Guid(3d0d8357fd0a1644a83ff91de4dd4ee6) Importer(815301076,1909f56bfc062723c751e8b465ee728b)  -> (artifact id: '632720c0fd2569151481e2bc92fae5ec') in 0.017440 seconds 
  Import took 0.022636 seconds .

========================================================================
Received Import Request.
  Time since last request: 12.463071 seconds.
  path: Assets/Art/player1idle.png
  artifactKey: Guid(3d0d8357fd0a1644a83ff91de4dd4ee6) Importer(815301076,1909f56bfc062723c751e8b465ee728b)
Start importing Assets/Art/player1idle.png using Guid(3d0d8357fd0a1644a83ff91de4dd4ee6) Importer(815301076,1909f56bfc062723c751e8b465ee728b)  -> (artifact id: 'f57948d8b7e1c92132e9786c3bc99b9d') in 0.027154 seconds 
  Import took 0.033767 seconds .

========================================================================
Received Import Request.
  Time since last request: 14.700953 seconds.
  path: Assets/Art/player1idle.png
  artifactKey: Guid(3d0d8357fd0a1644a83ff91de4dd4ee6) Importer(815301076,1909f56bfc062723c751e8b465ee728b)
Start importing Assets/Art/player1idle.png using Guid(3d0d8357fd0a1644a83ff91de4dd4ee6) Importer(815301076,1909f56bfc062723c751e8b465ee728b)  -> (artifact id: 'a7f758d776ba8d1b6da83e9d7f94cb2e') in 0.102328 seconds 
  Import took 0.108345 seconds .

========================================================================
Received Import Request.
  Time since last request: 15.747804 seconds.
  path: Assets/Art/playerOneWalkLeft.anim
  artifactKey: Guid(03db45c3257fb9a45b6c0a6c783a1577) Importer(815301076,1909f56bfc062723c751e8b465ee728b)
Start importing Assets/Art/playerOneWalkLeft.anim using Guid(03db45c3257fb9a45b6c0a6c783a1577) Importer(815301076,1909f56bfc062723c751e8b465ee728b)  -> (artifact id: 'ab279b1b53ab18d63a35061283dd69c4') in 0.015798 seconds 
  Import took 0.021004 seconds .

========================================================================
Received Import Request.
  Time since last request: 235.061995 seconds.
  path: Assets/Art/player1jump.png
  artifactKey: Guid(123fd2b5292898040b27094fe5f77c85) Importer(815301076,1909f56bfc062723c751e8b465ee728b)
Start importing Assets/Art/player1jump.png using Guid(123fd2b5292898040b27094fe5f77c85) Importer(815301076,1909f56bfc062723c751e8b465ee728b)  -> (artifact id: 'cb6bc2d283f915138f5e4807ad98684d') in 0.029656 seconds 
  Import took 0.034645 seconds .

========================================================================
Received Import Request.
  Time since last request: 10.055316 seconds.
  path: Assets/Art/player1jump.png
  artifactKey: Guid(123fd2b5292898040b27094fe5f77c85) Importer(815301076,1909f56bfc062723c751e8b465ee728b)
Start importing Assets/Art/player1jump.png using Guid(123fd2b5292898040b27094fe5f77c85) Importer(815301076,1909f56bfc062723c751e8b465ee728b)  -> (artifact id: 'c67504ec44d8073b8fc9b7b22ea1b8bd') in 0.032337 seconds 
  Import took 0.038333 seconds .

========================================================================
Received Import Request.
  Time since last request: 8.186449 seconds.
  path: Assets/Art/player1jump.png
  artifactKey: Guid(123fd2b5292898040b27094fe5f77c85) Importer(815301076,1909f56bfc062723c751e8b465ee728b)
Start importing Assets/Art/player1jump.png using Guid(123fd2b5292898040b27094fe5f77c85) Importer(815301076,1909f56bfc062723c751e8b465ee728b)  -> (artifact id: '9750afb4c55a1a255c442b33704919e3') in 0.111982 seconds 
  Import took 0.117667 seconds .

========================================================================
Received Import Request.
  Time since last request: 267.980386 seconds.
  path: Assets/Art/playerOneFallLeft.anim
  artifactKey: Guid(b8d15215568a2ff4f9d3f11a4411733d) Importer(815301076,1909f56bfc062723c751e8b465ee728b)
Start importing Assets/Art/playerOneFallLeft.anim using Guid(b8d15215568a2ff4f9d3f11a4411733d) Importer(815301076,1909f56bfc062723c751e8b465ee728b)  -> (artifact id: 'e5c1bf941c204138963dec43e97b84e6') in 0.019159 seconds 
  Import took 0.023852 seconds .

========================================================================
Received Import Request.
  Time since last request: 9.267517 seconds.
  path: Assets/Art/playerOneJumpLeft.anim
  artifactKey: Guid(1c562c34dffea514a885b4578d855f81) Importer(815301076,1909f56bfc062723c751e8b465ee728b)
Start importing Assets/Art/playerOneJumpLeft.anim using Guid(1c562c34dffea514a885b4578d855f81) Importer(815301076,1909f56bfc062723c751e8b465ee728b)  -> (artifact id: '4ccd6abff993d1136840ef48fa3f3356') in 0.016059 seconds 
  Import took 0.023389 seconds .

========================================================================
Received Import Request.
  Time since last request: 2.656040 seconds.
  path: Assets/Art/playerOneIdleRight.anim
  artifactKey: Guid(5de9930558ba64747ae0c599b292c9f1) Importer(815301076,1909f56bfc062723c751e8b465ee728b)
Start importing Assets/Art/playerOneIdleRight.anim using Guid(5de9930558ba64747ae0c599b292c9f1) Importer(815301076,1909f56bfc062723c751e8b465ee728b)  -> (artifact id: '9a2d7585888ca75f13d08fa12c1e1b99') in 0.017812 seconds 
  Import took 0.023119 seconds .

========================================================================
Received Import Request.
  Time since last request: 1.451395 seconds.
  path: Assets/Art/playerOneIdleLeft.anim
  artifactKey: Guid(6569e67c6651f3d48a02183ac9f3d3f6) Importer(815301076,1909f56bfc062723c751e8b465ee728b)
Start importing Assets/Art/playerOneIdleLeft.anim using Guid(6569e67c6651f3d48a02183ac9f3d3f6) Importer(815301076,1909f56bfc062723c751e8b465ee728b)  -> (artifact id: '019bbeb6464c49d2680fb9f5ea30ecac') in 0.015970 seconds 
  Import took 0.020888 seconds .

========================================================================
Received Prepare
Registering precompiled user dll's ...
Registered in 0.006095 seconds.
Begin MonoManager ReloadAssembly
Native extension for WindowsStandalone target not found
Refreshing native plugins compatible for Editor in 0.47 ms, found 2 plugins.
Preloading 0 native plugins for Editor in 0.00 ms.
Mono: successfully reloaded assembly
- Completed reload, in  2.084 seconds
Domain Reload Profiling:
	ReloadAssembly (2085ms)
		BeginReloadAssembly (176ms)
			ExecutionOrderSort (0ms)
			DisableScriptedObjects (6ms)
			BackupInstance (0ms)
			ReleaseScriptingObjects (0ms)
			CreateAndSetChildDomain (46ms)
		EndReloadAssembly (1790ms)
			LoadAssemblies (148ms)
			RebuildTransferFunctionScriptingTraits (0ms)
			SetupTypeCache (560ms)
			ReleaseScriptCaches (1ms)
			RebuildScriptCaches (95ms)
			SetupLoadedEditorAssemblies (732ms)
				LogAssemblyErrors (0ms)
				InitializePlatformSupportModulesInManaged (7ms)
				SetLoadedEditorAssemblies (1ms)
				RefreshPlugins (1ms)
				BeforeProcessingInitializeOnLoad (99ms)
				ProcessInitializeOnLoadAttributes (608ms)
				ProcessInitializeOnLoadMethodAttributes (7ms)
				AfterProcessingInitializeOnLoad (10ms)
				EditorAssembliesLoaded (0ms)
			ExecutionOrderSort2 (0ms)
			AwakeInstancesAfterBackupRestoration (10ms)
Platform modules already initialized, skipping
Refreshing native plugins compatible for Editor in 0.50 ms, found 2 plugins.
Preloading 0 native plugins for Editor in 0.00 ms.
Unloading 1439 Unused Serialized files (Serialized files now loaded: 0)
System memory in use before: 69.7 MB.
System memory in use after: 69.8 MB.

Unloading 13 unused Assets to reduce memory usage. Loaded Objects now: 1925.
Total: 4.246400 ms (FindLiveObjects: 0.212100 ms CreateObjectMapping: 0.051300 ms MarkObjects: 3.955200 ms  DeleteObjects: 0.026000 ms)

AssetImportParameters requested are different than current active one (requested -> active):
  custom:framework-win-MediaFoundation: 216162199b28c13a410421893ffa2e32 -> 
  custom:video-decoder-ogg-theora: a1e56fd34408186e4bbccfd4996cb3dc -> 
  custom:container-muxer-webm: aa71ff27fc2769a1b78a27578f13a17b -> 
  custom:container-demuxer-webm: 4f35f7cbe854078d1ac9338744f61a02 -> 
  custom:container-demuxer-ogg: 62fdf1f143b41e24485cea50d1cbac27 -> 
  custom:video-encoder-webm-vp8: eb34c28f22e8b96e1ab97ce403110664 -> 
  custom:video-codec-MediaFoundation-h265: 746d11721c4dcdbdad8f713fa42b33f4 -> 
  custom:video-decoder-webm-vp8: 9c59270c3fd7afecdb556c50c9e8de78 -> 
  custom:audio-decoder-ogg-vorbis: bf7c407c2cedff20999df2af8eb42d56 -> 
  custom:audio-encoder-webm-vorbis: bf7c407c2cedff20999df2af8eb42d56 -> 
========================================================================
Received Import Request.
  Time since last request: 187.580109 seconds.
  path: Assets/Scripts/Player Scripts/Player1Animation.cs
  artifactKey: Guid(a8fd49edd050a5f4ca7afce5b81a5b59) Importer(815301076,1909f56bfc062723c751e8b465ee728b)
Start importing Assets/Scripts/Player Scripts/Player1Animation.cs using Guid(a8fd49edd050a5f4ca7afce5b81a5b59) Importer(815301076,1909f56bfc062723c751e8b465ee728b)  -> (artifact id: 'd4882688aa7251c18d26dc82a5dd8f52') in 0.026899 seconds 
  Import took 0.032118 seconds .

========================================================================
Received Import Request.
  Time since last request: 0.023883 seconds.
  path: Assets/Scripts/Player Scripts/Player1Animation.cs
  artifactKey: Guid(a8fd49edd050a5f4ca7afce5b81a5b59) Importer(815301076,1909f56bfc062723c751e8b465ee728b)
Start importing Assets/Scripts/Player Scripts/Player1Animation.cs using Guid(a8fd49edd050a5f4ca7afce5b81a5b59) Importer(815301076,1909f56bfc062723c751e8b465ee728b)  -> (artifact id: 'd4882688aa7251c18d26dc82a5dd8f52') in 0.005553 seconds 
  Import took 0.010505 seconds .

========================================================================
Received Prepare
Registering precompiled user dll's ...
Registered in 0.008160 seconds.
Begin MonoManager ReloadAssembly
Native extension for WindowsStandalone target not found
Refreshing native plugins compatible for Editor in 0.65 ms, found 2 plugins.
Preloading 0 native plugins for Editor in 0.00 ms.
Mono: successfully reloaded assembly
- Completed reload, in  1.606 seconds
Domain Reload Profiling:
	ReloadAssembly (1607ms)
		BeginReloadAssembly (157ms)
			ExecutionOrderSort (0ms)
			DisableScriptedObjects (8ms)
			BackupInstance (0ms)
			ReleaseScriptingObjects (0ms)
			CreateAndSetChildDomain (46ms)
		EndReloadAssembly (1338ms)
			LoadAssemblies (134ms)
			RebuildTransferFunctionScriptingTraits (0ms)
			SetupTypeCache (430ms)
			ReleaseScriptCaches (1ms)
			RebuildScriptCaches (75ms)
			SetupLoadedEditorAssemblies (521ms)
				LogAssemblyErrors (0ms)
				InitializePlatformSupportModulesInManaged (8ms)
				SetLoadedEditorAssemblies (1ms)
				RefreshPlugins (1ms)
				BeforeProcessingInitializeOnLoad (85ms)
				ProcessInitializeOnLoadAttributes (413ms)
				ProcessInitializeOnLoadMethodAttributes (4ms)
				AfterProcessingInitializeOnLoad (9ms)
				EditorAssembliesLoaded (0ms)
			ExecutionOrderSort2 (0ms)
			AwakeInstancesAfterBackupRestoration (9ms)
Platform modules already initialized, skipping
Refreshing native plugins compatible for Editor in 0.38 ms, found 2 plugins.
Preloading 0 native plugins for Editor in 0.00 ms.
Unloading 1440 Unused Serialized files (Serialized files now loaded: 0)
System memory in use before: 69.8 MB.
System memory in use after: 69.9 MB.

Unloading 13 unused Assets to reduce memory usage. Loaded Objects now: 1928.
Total: 3.898300 ms (FindLiveObjects: 0.252400 ms CreateObjectMapping: 0.081000 ms MarkObjects: 3.535900 ms  DeleteObjects: 0.027000 ms)

AssetImportParameters requested are different than current active one (requested -> active):
  custom:framework-win-MediaFoundation: 216162199b28c13a410421893ffa2e32 -> 
  custom:video-decoder-ogg-theora: a1e56fd34408186e4bbccfd4996cb3dc -> 
  custom:container-muxer-webm: aa71ff27fc2769a1b78a27578f13a17b -> 
  custom:container-demuxer-webm: 4f35f7cbe854078d1ac9338744f61a02 -> 
  custom:container-demuxer-ogg: 62fdf1f143b41e24485cea50d1cbac27 -> 
  custom:video-encoder-webm-vp8: eb34c28f22e8b96e1ab97ce403110664 -> 
  custom:video-codec-MediaFoundation-h265: 746d11721c4dcdbdad8f713fa42b33f4 -> 
  custom:video-decoder-webm-vp8: 9c59270c3fd7afecdb556c50c9e8de78 -> 
  custom:audio-decoder-ogg-vorbis: bf7c407c2cedff20999df2af8eb42d56 -> 
  custom:audio-encoder-webm-vorbis: bf7c407c2cedff20999df2af8eb42d56 -> 
========================================================================
Received Import Request.
  Time since last request: 116.453922 seconds.
  path: Assets/Art/Player One.controller
  artifactKey: Guid(8a6769b46209edb40ae0709d9d1b3fed) Importer(815301076,1909f56bfc062723c751e8b465ee728b)
Start importing Assets/Art/Player One.controller using Guid(8a6769b46209edb40ae0709d9d1b3fed) Importer(815301076,1909f56bfc062723c751e8b465ee728b)  -> (artifact id: '8f526febc5955f4216312a51afc7bded') in 0.044002 seconds 
  Import took 0.049350 seconds .

========================================================================
Received Prepare
Registering precompiled user dll's ...
Registered in 0.156094 seconds.
Begin MonoManager ReloadAssembly
Native extension for WindowsStandalone target not found
Refreshing native plugins compatible for Editor in 0.68 ms, found 2 plugins.
Preloading 0 native plugins for Editor in 0.00 ms.
Mono: successfully reloaded assembly
- Completed reload, in  2.175 seconds
Domain Reload Profiling:
	ReloadAssembly (2176ms)
		BeginReloadAssembly (204ms)
			ExecutionOrderSort (0ms)
			DisableScriptedObjects (11ms)
			BackupInstance (0ms)
			ReleaseScriptingObjects (0ms)
			CreateAndSetChildDomain (55ms)
		EndReloadAssembly (1846ms)
			LoadAssemblies (165ms)
			RebuildTransferFunctionScriptingTraits (0ms)
			SetupTypeCache (558ms)
			ReleaseScriptCaches (1ms)
			RebuildScriptCaches (98ms)
			SetupLoadedEditorAssemblies (781ms)
				LogAssemblyErrors (0ms)
				InitializePlatformSupportModulesInManaged (12ms)
				SetLoadedEditorAssemblies (1ms)
				RefreshPlugins (1ms)
				BeforeProcessingInitializeOnLoad (120ms)
				ProcessInitializeOnLoadAttributes (619ms)
				ProcessInitializeOnLoadMethodAttributes (11ms)
				AfterProcessingInitializeOnLoad (17ms)
				EditorAssembliesLoaded (1ms)
			ExecutionOrderSort2 (0ms)
			AwakeInstancesAfterBackupRestoration (17ms)
Platform modules already initialized, skipping
Refreshing native plugins compatible for Editor in 0.38 ms, found 2 plugins.
Preloading 0 native plugins for Editor in 0.00 ms.
Unloading 1440 Unused Serialized files (Serialized files now loaded: 0)
System memory in use before: 69.8 MB.
System memory in use after: 69.9 MB.

Unloading 13 unused Assets to reduce memory usage. Loaded Objects now: 1930.
Total: 3.152600 ms (FindLiveObjects: 0.159200 ms CreateObjectMapping: 0.034300 ms MarkObjects: 2.933100 ms  DeleteObjects: 0.024100 ms)

AssetImportParameters requested are different than current active one (requested -> active):
  custom:framework-win-MediaFoundation: 216162199b28c13a410421893ffa2e32 -> 
  custom:video-decoder-ogg-theora: a1e56fd34408186e4bbccfd4996cb3dc -> 
  custom:container-muxer-webm: aa71ff27fc2769a1b78a27578f13a17b -> 
  custom:container-demuxer-webm: 4f35f7cbe854078d1ac9338744f61a02 -> 
  custom:container-demuxer-ogg: 62fdf1f143b41e24485cea50d1cbac27 -> 
  custom:video-encoder-webm-vp8: eb34c28f22e8b96e1ab97ce403110664 -> 
  custom:video-codec-MediaFoundation-h265: 746d11721c4dcdbdad8f713fa42b33f4 -> 
  custom:video-decoder-webm-vp8: 9c59270c3fd7afecdb556c50c9e8de78 -> 
  custom:audio-decoder-ogg-vorbis: bf7c407c2cedff20999df2af8eb42d56 -> 
  custom:audio-encoder-webm-vorbis: bf7c407c2cedff20999df2af8eb42d56 -> 
========================================================================
Received Import Request.
  Time since last request: 1160.894029 seconds.
  path: Assets/Scenes/EndScene.unity
  artifactKey: Guid(1dbfb11687a8b5049b5007ca92551958) Importer(815301076,1909f56bfc062723c751e8b465ee728b)
Start importing Assets/Scenes/EndScene.unity using Guid(1dbfb11687a8b5049b5007ca92551958) Importer(815301076,1909f56bfc062723c751e8b465ee728b)  -> (artifact id: '814b62c1d5326c042018cc00b1f2bb8b') in 0.020227 seconds 
  Import took 0.023271 seconds .

========================================================================
Received Import Request.
  Time since last request: 0.000286 seconds.
  path: Assets/Art/Player One.controller
  artifactKey: Guid(8a6769b46209edb40ae0709d9d1b3fed) Importer(815301076,1909f56bfc062723c751e8b465ee728b)
Start importing Assets/Art/Player One.controller using Guid(8a6769b46209edb40ae0709d9d1b3fed) Importer(815301076,1909f56bfc062723c751e8b465ee728b)  -> (artifact id: 'b10f5ec6c284447ccf5c8dabfa14782f') in 0.023135 seconds 
  Import took 0.027965 seconds .

========================================================================
Received Import Request.
  Time since last request: 12.146144 seconds.
  path: Assets/Scenes/Scene1.unity
  artifactKey: Guid(9fc0d4010bbf28b4594072e72b8655ab) Importer(815301076,1909f56bfc062723c751e8b465ee728b)
Start importing Assets/Scenes/Scene1.unity using Guid(9fc0d4010bbf28b4594072e72b8655ab) Importer(815301076,1909f56bfc062723c751e8b465ee728b)  -> (artifact id: '2d4dc2b87b8d844a091fd155667f7388') in 0.020313 seconds 
  Import took 0.026170 seconds .

========================================================================
Received Prepare
Registering precompiled user dll's ...
Registered in 0.005396 seconds.
Begin MonoManager ReloadAssembly
Native extension for WindowsStandalone target not found
Refreshing native plugins compatible for Editor in 0.46 ms, found 2 plugins.
Preloading 0 native plugins for Editor in 0.00 ms.
Mono: successfully reloaded assembly
- Completed reload, in  1.826 seconds
Domain Reload Profiling:
	ReloadAssembly (1827ms)
		BeginReloadAssembly (172ms)
			ExecutionOrderSort (0ms)
			DisableScriptedObjects (6ms)
			BackupInstance (0ms)
			ReleaseScriptingObjects (0ms)
			CreateAndSetChildDomain (45ms)
		EndReloadAssembly (1560ms)
			LoadAssemblies (154ms)
			RebuildTransferFunctionScriptingTraits (0ms)
			SetupTypeCache (465ms)
			ReleaseScriptCaches (1ms)
			RebuildScriptCaches (60ms)
			SetupLoadedEditorAssemblies (707ms)
				LogAssemblyErrors (0ms)
				InitializePlatformSupportModulesInManaged (12ms)
				SetLoadedEditorAssemblies (1ms)
				RefreshPlugins (1ms)
				BeforeProcessingInitializeOnLoad (123ms)
				ProcessInitializeOnLoadAttributes (555ms)
				ProcessInitializeOnLoadMethodAttributes (6ms)
				AfterProcessingInitializeOnLoad (9ms)
				EditorAssembliesLoaded (0ms)
			ExecutionOrderSort2 (0ms)
			AwakeInstancesAfterBackupRestoration (9ms)
Platform modules already initialized, skipping
Refreshing native plugins compatible for Editor in 0.81 ms, found 2 plugins.
Preloading 0 native plugins for Editor in 0.00 ms.
Unloading 1440 Unused Serialized files (Serialized files now loaded: 0)
System memory in use before: 69.9 MB.
System memory in use after: 70.0 MB.

Unloading 13 unused Assets to reduce memory usage. Loaded Objects now: 1932.
Total: 6.629000 ms (FindLiveObjects: 0.262500 ms CreateObjectMapping: 0.080700 ms MarkObjects: 6.245400 ms  DeleteObjects: 0.037900 ms)

AssetImportParameters requested are different than current active one (requested -> active):
  custom:framework-win-MediaFoundation: 216162199b28c13a410421893ffa2e32 -> 
  custom:video-decoder-ogg-theora: a1e56fd34408186e4bbccfd4996cb3dc -> 
  custom:container-muxer-webm: aa71ff27fc2769a1b78a27578f13a17b -> 
  custom:container-demuxer-webm: 4f35f7cbe854078d1ac9338744f61a02 -> 
  custom:container-demuxer-ogg: 62fdf1f143b41e24485cea50d1cbac27 -> 
  custom:video-encoder-webm-vp8: eb34c28f22e8b96e1ab97ce403110664 -> 
  custom:video-codec-MediaFoundation-h265: 746d11721c4dcdbdad8f713fa42b33f4 -> 
  custom:video-decoder-webm-vp8: 9c59270c3fd7afecdb556c50c9e8de78 -> 
  custom:audio-decoder-ogg-vorbis: bf7c407c2cedff20999df2af8eb42d56 -> 
  custom:audio-encoder-webm-vorbis: bf7c407c2cedff20999df2af8eb42d56 -> 
========================================================================
Received Import Request.
  Time since last request: 318.177066 seconds.
  path: Assets/Art/Player One.controller
  artifactKey: Guid(8a6769b46209edb40ae0709d9d1b3fed) Importer(815301076,1909f56bfc062723c751e8b465ee728b)
Start importing Assets/Art/Player One.controller using Guid(8a6769b46209edb40ae0709d9d1b3fed) Importer(815301076,1909f56bfc062723c751e8b465ee728b)  -> (artifact id: 'cff7a518e45f2ea8421867ce8f74d000') in 0.047691 seconds 
  Import took 0.055884 seconds .

========================================================================
Received Prepare
Registering precompiled user dll's ...
Registered in 0.007746 seconds.
Begin MonoManager ReloadAssembly
Native extension for WindowsStandalone target not found
Refreshing native plugins compatible for Editor in 0.70 ms, found 2 plugins.
Preloading 0 native plugins for Editor in 0.00 ms.
Mono: successfully reloaded assembly
- Completed reload, in  1.934 seconds
Domain Reload Profiling:
	ReloadAssembly (1935ms)
		BeginReloadAssembly (213ms)
			ExecutionOrderSort (0ms)
			DisableScriptedObjects (8ms)
			BackupInstance (0ms)
			ReleaseScriptingObjects (0ms)
			CreateAndSetChildDomain (73ms)
		EndReloadAssembly (1608ms)
			LoadAssemblies (148ms)
			RebuildTransferFunctionScriptingTraits (0ms)
			SetupTypeCache (431ms)
			ReleaseScriptCaches (1ms)
			RebuildScriptCaches (83ms)
			SetupLoadedEditorAssemblies (743ms)
				LogAssemblyErrors (0ms)
				InitializePlatformSupportModulesInManaged (19ms)
				SetLoadedEditorAssemblies (1ms)
				RefreshPlugins (1ms)
				BeforeProcessingInitializeOnLoad (91ms)
				ProcessInitializeOnLoadAttributes (615ms)
				ProcessInitializeOnLoadMethodAttributes (6ms)
				AfterProcessingInitializeOnLoad (9ms)
				EditorAssembliesLoaded (0ms)
			ExecutionOrderSort2 (0ms)
			AwakeInstancesAfterBackupRestoration (17ms)
Platform modules already initialized, skipping
Refreshing native plugins compatible for Editor in 0.47 ms, found 2 plugins.
Preloading 0 native plugins for Editor in 0.00 ms.
Unloading 1440 Unused Serialized files (Serialized files now loaded: 0)
System memory in use before: 69.9 MB.
System memory in use after: 70.0 MB.

Unloading 13 unused Assets to reduce memory usage. Loaded Objects now: 1934.
Total: 3.871100 ms (FindLiveObjects: 0.204000 ms CreateObjectMapping: 0.049700 ms MarkObjects: 3.588000 ms  DeleteObjects: 0.027400 ms)

AssetImportParameters requested are different than current active one (requested -> active):
  custom:framework-win-MediaFoundation: 216162199b28c13a410421893ffa2e32 -> 
  custom:video-decoder-ogg-theora: a1e56fd34408186e4bbccfd4996cb3dc -> 
  custom:container-muxer-webm: aa71ff27fc2769a1b78a27578f13a17b -> 
  custom:container-demuxer-webm: 4f35f7cbe854078d1ac9338744f61a02 -> 
  custom:container-demuxer-ogg: 62fdf1f143b41e24485cea50d1cbac27 -> 
  custom:video-encoder-webm-vp8: eb34c28f22e8b96e1ab97ce403110664 -> 
  custom:video-codec-MediaFoundation-h265: 746d11721c4dcdbdad8f713fa42b33f4 -> 
  custom:video-decoder-webm-vp8: 9c59270c3fd7afecdb556c50c9e8de78 -> 
  custom:audio-decoder-ogg-vorbis: bf7c407c2cedff20999df2af8eb42d56 -> 
  custom:audio-encoder-webm-vorbis: bf7c407c2cedff20999df2af8eb42d56 -> 
========================================================================
Received Import Request.
  Time since last request: 728.447676 seconds.
  path: Assets/Art/Player One.controller
  artifactKey: Guid(8a6769b46209edb40ae0709d9d1b3fed) Importer(815301076,1909f56bfc062723c751e8b465ee728b)
Start importing Assets/Art/Player One.controller using Guid(8a6769b46209edb40ae0709d9d1b3fed) Importer(815301076,1909f56bfc062723c751e8b465ee728b)  -> (artifact id: '58cc6a373e74d4ef847d8d1e508bca98') in 0.042693 seconds 
  Import took 0.050470 seconds .

========================================================================
Received Import Request.
  Time since last request: 0.040536 seconds.
  path: Assets/Art/Player One.controller
  artifactKey: Guid(8a6769b46209edb40ae0709d9d1b3fed) Importer(815301076,1909f56bfc062723c751e8b465ee728b)
Start importing Assets/Art/Player One.controller using Guid(8a6769b46209edb40ae0709d9d1b3fed) Importer(815301076,1909f56bfc062723c751e8b465ee728b)  -> (artifact id: '58cc6a373e74d4ef847d8d1e508bca98') in 0.014809 seconds 
  Import took 0.021404 seconds .

AssetImportWorkerClient::OnTransportError - code=2 error=End of file
